<?xml version="1.0" encoding="UTF-8"?>
<!-- Generated by org.testng.reporters.JUnitReportReporter -->
<testsuite hostname="svp-pc" name="de.javanarior.vo.types.WrapperTest" tests="50" failures="0" timestamp="3 Oct 2014 19:01:18 GMT" time="0.007" errors="0">
  <testcase name="testEqualsForDifferentValues" time="0.000" classname="de.javanarior.vo.types.WrapperTest"/>
  <testcase name="testHashCodeEqualForEqualValues" time="0.000" classname="de.javanarior.vo.types.WrapperTest"/>
  <testcase name="testEqualsForDifferentValues" time="0.000" classname="de.javanarior.vo.types.WrapperTest"/>
  <testcase name="testHashCodeNotEqualForDifferentValues" time="0.000" classname="de.javanarior.vo.types.WrapperTest"/>
  <testcase name="testEqualsForEqualValues" time="0.000" classname="de.javanarior.vo.types.WrapperTest"/>
  <testcase name="testHashCodeNotEqualForDifferentValues" time="0.000" classname="de.javanarior.vo.types.WrapperTest"/>
  <testcase name="testEqualsForEqualValues" time="0.001" classname="de.javanarior.vo.types.WrapperTest"/>
  <testcase name="testEqualsForNull" time="0.000" classname="de.javanarior.vo.types.WrapperTest"/>
  <testcase name="testEqualsForEqualValues" time="0.000" classname="de.javanarior.vo.types.WrapperTest"/>
  <testcase name="testEqualsForDifferentValues" time="0.001" classname="de.javanarior.vo.types.WrapperTest"/>
  <testcase name="testHashCodeEqualForEqualValues" time="0.001" classname="de.javanarior.vo.types.WrapperTest"/>
  <testcase name="testEqualsForEqualValues" time="0.000" classname="de.javanarior.vo.types.WrapperTest"/>
  <testcase name="testHashCodeEqualForEqualValues" time="0.000" classname="de.javanarior.vo.types.WrapperTest"/>
  <testcase name="testHashCodeEqualForEqualValues" time="0.000" classname="de.javanarior.vo.types.WrapperTest"/>
  <testcase name="testEqualsForDifferentValues" time="0.000" classname="de.javanarior.vo.types.WrapperTest"/>
  <testcase name="testEqualsForNull" time="0.000" classname="de.javanarior.vo.types.WrapperTest"/>
  <testcase name="testHashCodeNotEqualForDifferentValues" time="0.000" classname="de.javanarior.vo.types.WrapperTest"/>
  <testcase name="testHashCodeNotEqualForDifferentValues" time="0.001" classname="de.javanarior.vo.types.WrapperTest"/>
  <testcase name="testEqualsForNull" time="0.000" classname="de.javanarior.vo.types.WrapperTest"/>
  <testcase name="testHashCodeEqualForEqualValues" time="0.000" classname="de.javanarior.vo.types.WrapperTest"/>
  <testcase name="testEqualsForDifferentValues" time="0.000" classname="de.javanarior.vo.types.WrapperTest"/>
  <testcase name="testHashCodeNotEqualForDifferentValues" time="0.000" classname="de.javanarior.vo.types.WrapperTest"/>
  <testcase name="testEqualsForNull" time="0.000" classname="de.javanarior.vo.types.WrapperTest"/>
  <testcase name="testHashCodeNotEqualForDifferentValues" time="0.000" classname="de.javanarior.vo.types.WrapperTest"/>
  <testcase name="testEqualsForEqualValues" time="0.000" classname="de.javanarior.vo.types.WrapperTest"/>
  <testcase name="testEqualsForDifferentValues" time="0.000" classname="de.javanarior.vo.types.WrapperTest"/>
  <testcase name="testHashCodeEqualForEqualValues" time="0.000" classname="de.javanarior.vo.types.WrapperTest"/>
  <testcase name="testHashCodeNotEqualForDifferentValues" time="0.000" classname="de.javanarior.vo.types.WrapperTest"/>
  <testcase name="testHashCodeNotEqualForDifferentValues" time="0.001" classname="de.javanarior.vo.types.WrapperTest"/>
  <testcase name="testHashCodeEqualForEqualValues" time="0.000" classname="de.javanarior.vo.types.WrapperTest"/>
  <testcase name="testHashCodeNotEqualForDifferentValues" time="0.000" classname="de.javanarior.vo.types.WrapperTest"/>
  <testcase name="testEqualsForEqualValues" time="0.000" classname="de.javanarior.vo.types.WrapperTest"/>
  <testcase name="testHashCodeEqualForEqualValues" time="0.001" classname="de.javanarior.vo.types.WrapperTest"/>
  <testcase name="testHashCodeNotEqualForDifferentValues" time="0.000" classname="de.javanarior.vo.types.WrapperTest"/>
  <testcase name="testEqualsForNull" time="0.000" classname="de.javanarior.vo.types.WrapperTest"/>
  <testcase name="testEqualsForEqualValues" time="0.000" classname="de.javanarior.vo.types.WrapperTest"/>
  <testcase name="testEqualsForEqualValues" time="0.000" classname="de.javanarior.vo.types.WrapperTest"/>
  <testcase name="testEqualsForEqualValues" time="0.000" classname="de.javanarior.vo.types.WrapperTest"/>
  <testcase name="testEqualsForEqualValues" time="0.000" classname="de.javanarior.vo.types.WrapperTest"/>
  <testcase name="testEqualsForDifferentValues" time="0.000" classname="de.javanarior.vo.types.WrapperTest"/>
  <testcase name="testEqualsForNull" time="0.000" classname="de.javanarior.vo.types.WrapperTest"/>
  <testcase name="testEqualsForNull" time="0.000" classname="de.javanarior.vo.types.WrapperTest"/>
  <testcase name="testEqualsForDifferentValues" time="0.000" classname="de.javanarior.vo.types.WrapperTest"/>
  <testcase name="testEqualsForNull" time="0.000" classname="de.javanarior.vo.types.WrapperTest"/>
  <testcase name="testEqualsForNull" time="0.000" classname="de.javanarior.vo.types.WrapperTest"/>
  <testcase name="testHashCodeEqualForEqualValues" time="0.000" classname="de.javanarior.vo.types.WrapperTest"/>
  <testcase name="testEqualsForDifferentValues" time="0.001" classname="de.javanarior.vo.types.WrapperTest"/>
  <testcase name="testEqualsForNull" time="0.000" classname="de.javanarior.vo.types.WrapperTest"/>
  <testcase name="testEqualsForDifferentValues" time="0.000" classname="de.javanarior.vo.types.WrapperTest"/>
  <testcase name="testHashCodeEqualForEqualValues" time="0.000" classname="de.javanarior.vo.types.WrapperTest"/>
</testsuite> <!-- de.javanarior.vo.types.WrapperTest -->
