<?xml version="1.0" encoding="UTF-8"?>
<!-- Generated by org.testng.reporters.JUnitReportReporter -->
<testsuite hostname="svp-pc" name="de.javanarior.vo.types.LongWrapperTest" tests="5" failures="0" timestamp="3 Oct 2014 19:01:19 GMT" time="0.000" errors="0">
  <testcase name="testAsPrimitiveLong" time="0.000" classname="de.javanarior.vo.types.LongWrapperTest"/>
  <testcase name="testGetValue" time="0.000" classname="de.javanarior.vo.types.LongWrapperTest"/>
  <testcase name="testAsLong" time="0.000" classname="de.javanarior.vo.types.LongWrapperTest"/>
  <testcase name="testEqualsForDifferentTypes" time="0.000" classname="de.javanarior.vo.types.LongWrapperTest"/>
  <testcase name="testCompareTo" time="0.000" classname="de.javanarior.vo.types.LongWrapperTest"/>
</testsuite> <!-- de.javanarior.vo.types.LongWrapperTest -->
