<?xml version="1.0" encoding="UTF-8"?>
<!-- Generated by org.testng.reporters.JUnitReportReporter -->
<testsuite hostname="svp-pc" name="de.javanarior.vo.types.StringWrapperTest" tests="5" failures="0" timestamp="3 Oct 2014 19:01:18 GMT" time="0.010" errors="0">
  <testcase name="testEqualsForDifferentTypes" time="0.000" classname="de.javanarior.vo.types.StringWrapperTest"/>
  <testcase name="testStringWrapperNullArgument" time="0.000" classname="de.javanarior.vo.types.StringWrapperTest"/>
  <testcase name="testAsString" time="0.010" classname="de.javanarior.vo.types.StringWrapperTest"/>
  <testcase name="testGetValue" time="0.000" classname="de.javanarior.vo.types.StringWrapperTest"/>
  <testcase name="testCompareTo" time="0.000" classname="de.javanarior.vo.types.StringWrapperTest"/>
</testsuite> <!-- de.javanarior.vo.types.StringWrapperTest -->
