<?xml version="1.0" encoding="UTF-8"?>
<!-- Generated by org.testng.reporters.JUnitReportReporter -->
<testsuite hostname="svp-pc" name="de.javanarior.vo.types.speaking.SpeakingComparableAdapterTest" tests="6" failures="0" timestamp="3 Oct 2014 19:01:19 GMT" time="0.001" errors="0">
  <testcase name="testNotEqualsTo" time="0.000" classname="de.javanarior.vo.types.speaking.SpeakingComparableAdapterTest"/>
  <testcase name="testLessThan" time="0.001" classname="de.javanarior.vo.types.speaking.SpeakingComparableAdapterTest"/>
  <testcase name="testGreaterThan" time="0.000" classname="de.javanarior.vo.types.speaking.SpeakingComparableAdapterTest"/>
  <testcase name="testGreaterOrEqualsThan" time="0.000" classname="de.javanarior.vo.types.speaking.SpeakingComparableAdapterTest"/>
  <testcase name="testEqualsTo" time="0.000" classname="de.javanarior.vo.types.speaking.SpeakingComparableAdapterTest"/>
  <testcase name="testLessOrEqualsThan" time="0.000" classname="de.javanarior.vo.types.speaking.SpeakingComparableAdapterTest"/>
</testsuite> <!-- de.javanarior.vo.types.speaking.SpeakingComparableAdapterTest -->
