<?xml version="1.0" encoding="UTF-8"?>
<!-- Generated by org.testng.reporters.JUnitReportReporter -->
<testsuite hostname="svp-pc" name="de.javanarior.vo.types.BigDecimalWrapperTest" tests="7" failures="0" timestamp="3 Oct 2014 19:01:19 GMT" time="0.001" errors="0">
  <testcase name="testBigDecimalWrapperNullArgument" time="0.000" classname="de.javanarior.vo.types.BigDecimalWrapperTest"/>
  <testcase name="testCompareTo" time="0.000" classname="de.javanarior.vo.types.BigDecimalWrapperTest"/>
  <testcase name="testEqualsForDifferentTypes" time="0.000" classname="de.javanarior.vo.types.BigDecimalWrapperTest"/>
  <testcase name="testGetValue" time="0.000" classname="de.javanarior.vo.types.BigDecimalWrapperTest"/>
  <testcase name="testAsBigDecimal" time="0.000" classname="de.javanarior.vo.types.BigDecimalWrapperTest"/>
  <testcase name="testAsString" time="0.001" classname="de.javanarior.vo.types.BigDecimalWrapperTest"/>
  <testcase name="testEqualsWithDifferentScale" time="0.000" classname="de.javanarior.vo.types.BigDecimalWrapperTest"/>
</testsuite> <!-- de.javanarior.vo.types.BigDecimalWrapperTest -->
