<?xml version="1.0" encoding="UTF-8"?>
<!-- Generated by org.testng.reporters.JUnitReportReporter -->
<testsuite hostname="svp-pc" name="de.javanarior.vo.types.DoubleWrapperTest" tests="5" failures="0" timestamp="3 Oct 2014 19:01:18 GMT" time="0.000" errors="0">
  <testcase name="testAsPrimitiveDouble" time="0.000" classname="de.javanarior.vo.types.DoubleWrapperTest"/>
  <testcase name="testAsDouble" time="0.000" classname="de.javanarior.vo.types.DoubleWrapperTest"/>
  <testcase name="testCompareTo" time="0.000" classname="de.javanarior.vo.types.DoubleWrapperTest"/>
  <testcase name="testEqualsForDifferentTypes" time="0.000" classname="de.javanarior.vo.types.DoubleWrapperTest"/>
  <testcase name="testgetValue" time="0.000" classname="de.javanarior.vo.types.DoubleWrapperTest"/>
</testsuite> <!-- de.javanarior.vo.types.DoubleWrapperTest -->
