<?xml version="1.0" encoding="UTF-8"?>
<!-- Generated by org.testng.reporters.JUnitReportReporter -->
<testsuite hostname="svp-pc" name="de.javanarior.vo.types.AbstractValueTest" tests="20" failures="0" timestamp="3 Oct 2014 19:01:19 GMT" time="0.001" errors="0">
  <testcase name="testAsDouble" time="0.000" classname="de.javanarior.vo.types.AbstractValueTest"/>
  <testcase name="testAsInteger" time="0.000" classname="de.javanarior.vo.types.AbstractValueTest"/>
  <testcase name="testEqualsForDifferentTypes" time="0.001" classname="de.javanarior.vo.types.AbstractValueTest"/>
  <testcase name="testAsBigDecimal" time="0.000" classname="de.javanarior.vo.types.AbstractValueTest"/>
  <testcase name="testEquals" time="0.000" classname="de.javanarior.vo.types.AbstractValueTest"/>
  <testcase name="testToString" time="0.000" classname="de.javanarior.vo.types.AbstractValueTest"/>
  <testcase name="testAsLong" time="0.000" classname="de.javanarior.vo.types.AbstractValueTest"/>
  <testcase name="testAsPrimitiveLong" time="0.000" classname="de.javanarior.vo.types.AbstractValueTest"/>
  <testcase name="testAsShort" time="0.000" classname="de.javanarior.vo.types.AbstractValueTest"/>
  <testcase name="testIsNull" time="0.000" classname="de.javanarior.vo.types.AbstractValueTest"/>
  <testcase name="testAsPrimitiveByte" time="0.000" classname="de.javanarior.vo.types.AbstractValueTest"/>
  <testcase name="testAsBoolean" time="0.000" classname="de.javanarior.vo.types.AbstractValueTest"/>
  <testcase name="testAsInt" time="0.000" classname="de.javanarior.vo.types.AbstractValueTest"/>
  <testcase name="testAsPrimitiveShort" time="0.000" classname="de.javanarior.vo.types.AbstractValueTest"/>
  <testcase name="testAsByte" time="0.000" classname="de.javanarior.vo.types.AbstractValueTest"/>
  <testcase name="testEqualsSameObject" time="0.000" classname="de.javanarior.vo.types.AbstractValueTest"/>
  <testcase name="testAsPrimitiveBoolean" time="0.000" classname="de.javanarior.vo.types.AbstractValueTest"/>
  <testcase name="testAsBigInteger" time="0.000" classname="de.javanarior.vo.types.AbstractValueTest"/>
  <testcase name="testAsString" time="0.000" classname="de.javanarior.vo.types.AbstractValueTest"/>
  <testcase name="testAsPrimitiveDouble" time="0.000" classname="de.javanarior.vo.types.AbstractValueTest"/>
</testsuite> <!-- de.javanarior.vo.types.AbstractValueTest -->
