<?xml version="1.0" encoding="UTF-8"?>
<!-- Generated by org.testng.reporters.JUnitReportReporter -->
<testsuite hostname="svp-pc" name="de.javanarior.vo.types.ByteWrapperTest" tests="5" failures="0" timestamp="3 Oct 2014 19:01:18 GMT" time="0.000" errors="0">
  <testcase name="testAsByte" time="0.000" classname="de.javanarior.vo.types.ByteWrapperTest"/>
  <testcase name="testCompareTo" time="0.000" classname="de.javanarior.vo.types.ByteWrapperTest"/>
  <testcase name="testGetValue" time="0.000" classname="de.javanarior.vo.types.ByteWrapperTest"/>
  <testcase name="testAsPrimitiveByte" time="0.000" classname="de.javanarior.vo.types.ByteWrapperTest"/>
  <testcase name="testEqualsForDifferentTypes" time="0.000" classname="de.javanarior.vo.types.ByteWrapperTest"/>
</testsuite> <!-- de.javanarior.vo.types.ByteWrapperTest -->
