<?xml version="1.0" encoding="UTF-8"?>
<!-- Generated by org.testng.reporters.JUnitReportReporter -->
<testsuite hostname="svp-pc" name="de.javanarior.vo.types.NullObjectTest" tests="8" failures="0" timestamp="3 Oct 2014 19:01:19 GMT" time="0.000" errors="0">
  <testcase name="testEqualsForNull" time="0.000" classname="de.javanarior.vo.types.NullObjectTest"/>
  <testcase name="testEqualsForDifferentTypes" time="0.000" classname="de.javanarior.vo.types.NullObjectTest"/>
  <testcase name="testEqualsForEqualTypes" time="0.000" classname="de.javanarior.vo.types.NullObjectTest"/>
  <testcase name="testHashCodeEqualsForEqualTypes" time="0.000" classname="de.javanarior.vo.types.NullObjectTest"/>
  <testcase name="testGetValue" time="0.000" classname="de.javanarior.vo.types.NullObjectTest"/>
  <testcase name="testCompareTo" time="0.000" classname="de.javanarior.vo.types.NullObjectTest"/>
  <testcase name="testIsNull" time="0.000" classname="de.javanarior.vo.types.NullObjectTest"/>
  <testcase name="testHashCodeNotEqualsForDifferentTypes" time="0.000" classname="de.javanarior.vo.types.NullObjectTest"/>
</testsuite> <!-- de.javanarior.vo.types.NullObjectTest -->
