<?xml version="1.0" encoding="UTF-8"?>
<!-- Generated by org.testng.reporters.JUnitReportReporter -->
<testsuite hostname="svp-pc" name="de.javanarior.vo.types.CharWrapperTest" tests="5" failures="0" timestamp="3 Oct 2014 19:01:19 GMT" time="0.000" errors="0">
  <testcase name="testEqualsForDifferentTypes" time="0.000" classname="de.javanarior.vo.types.CharWrapperTest"/>
  <testcase name="testAsChar" time="0.000" classname="de.javanarior.vo.types.CharWrapperTest"/>
  <testcase name="testGetValue" time="0.000" classname="de.javanarior.vo.types.CharWrapperTest"/>
  <testcase name="testAsCharacter" time="0.000" classname="de.javanarior.vo.types.CharWrapperTest"/>
  <testcase name="testCompareTo" time="0.000" classname="de.javanarior.vo.types.CharWrapperTest"/>
</testsuite> <!-- de.javanarior.vo.types.CharWrapperTest -->
